[14-Jul-2015 02:48:05 UTC] PHP Warning:  require(vendor/autoload.php): failed to open stream: No such file or directory in /home/ubuntu/workspace/api/index.php on line 2
[14-Jul-2015 02:48:05 UTC] PHP Stack trace:
[14-Jul-2015 02:48:05 UTC] PHP   1. {main}() /home/ubuntu/workspace/api/index.php:0
[14-Jul-2015 02:48:05 UTC] PHP Fatal error:  require(): Failed opening required 'vendor/autoload.php' (include_path='.:/usr/share/php:/usr/share/pear') in /home/ubuntu/workspace/api/index.php on line 2
[14-Jul-2015 02:48:05 UTC] PHP Stack trace:
[14-Jul-2015 02:48:05 UTC] PHP   1. {main}() /home/ubuntu/workspace/api/index.php:0
[14-Jul-2015 02:48:13 UTC] PHP Warning:  require(vendor/autoload.php): failed to open stream: No such file or directory in /home/ubuntu/workspace/api/index.php on line 2
[14-Jul-2015 02:48:13 UTC] PHP Stack trace:
[14-Jul-2015 02:48:13 UTC] PHP   1. {main}() /home/ubuntu/workspace/api/index.php:0
[14-Jul-2015 02:48:13 UTC] PHP Fatal error:  require(): Failed opening required 'vendor/autoload.php' (include_path='.:/usr/share/php:/usr/share/pear') in /home/ubuntu/workspace/api/index.php on line 2
[14-Jul-2015 02:48:13 UTC] PHP Stack trace:
[14-Jul-2015 02:48:13 UTC] PHP   1. {main}() /home/ubuntu/workspace/api/index.php:0
[14-Jul-2015 02:48:48 UTC] PHP Warning:  require(vendor/autoload.php): failed to open stream: No such file or directory in /home/ubuntu/workspace/api/index.php on line 2
[14-Jul-2015 02:48:48 UTC] PHP Stack trace:
[14-Jul-2015 02:48:48 UTC] PHP   1. {main}() /home/ubuntu/workspace/api/index.php:0
[14-Jul-2015 02:48:48 UTC] PHP Fatal error:  require(): Failed opening required 'vendor/autoload.php' (include_path='.:/usr/share/php:/usr/share/pear') in /home/ubuntu/workspace/api/index.php on line 2
[14-Jul-2015 02:48:48 UTC] PHP Stack trace:
[14-Jul-2015 02:48:48 UTC] PHP   1. {main}() /home/ubuntu/workspace/api/index.php:0
[14-Jul-2015 02:55:36 UTC] PHP Warning:  require(/home/ubuntu/workspace/api/vendor/vrana/notorm/NotORM.php): failed to open stream: No such file or directory in /home/ubuntu/workspace/api/vendor/composer/autoload_real.php on line 54
[14-Jul-2015 02:55:36 UTC] PHP Stack trace:
[14-Jul-2015 02:55:36 UTC] PHP   1. {main}() /home/ubuntu/workspace/api/index.php:0
[14-Jul-2015 02:55:36 UTC] PHP   2. require() /home/ubuntu/workspace/api/index.php:2
[14-Jul-2015 02:55:36 UTC] PHP   3. ComposerAutoloaderInitdd50eeed4e8b0c72b177bc6f4ae519fd::getLoader() /home/ubuntu/workspace/api/vendor/autoload.php:7
[14-Jul-2015 02:55:36 UTC] PHP   4. composerRequiredd50eeed4e8b0c72b177bc6f4ae519fd() /home/ubuntu/workspace/api/vendor/composer/autoload_real.php:45
[14-Jul-2015 02:55:36 UTC] PHP Fatal error:  require(): Failed opening required '/home/ubuntu/workspace/api/vendor/vrana/notorm/NotORM.php' (include_path='.:/usr/share/php:/usr/share/pear') in /home/ubuntu/workspace/api/vendor/composer/autoload_real.php on line 54
[14-Jul-2015 02:55:36 UTC] PHP Stack trace:
[14-Jul-2015 02:55:36 UTC] PHP   1. {main}() /home/ubuntu/workspace/api/index.php:0
[14-Jul-2015 02:55:36 UTC] PHP   2. require() /home/ubuntu/workspace/api/index.php:2
[14-Jul-2015 02:55:36 UTC] PHP   3. ComposerAutoloaderInitdd50eeed4e8b0c72b177bc6f4ae519fd::getLoader() /home/ubuntu/workspace/api/vendor/autoload.php:7
[14-Jul-2015 02:55:36 UTC] PHP   4. composerRequiredd50eeed4e8b0c72b177bc6f4ae519fd() /home/ubuntu/workspace/api/vendor/composer/autoload_real.php:45
[14-Jul-2015 02:55:52 UTC] PHP Warning:  require(/home/ubuntu/workspace/api/vendor/vrana/notorm/NotORM.php): failed to open stream: No such file or directory in /home/ubuntu/workspace/api/vendor/composer/autoload_real.php on line 54
[14-Jul-2015 02:55:52 UTC] PHP Stack trace:
[14-Jul-2015 02:55:52 UTC] PHP   1. {main}() /home/ubuntu/workspace/api/index.php:0
[14-Jul-2015 02:55:52 UTC] PHP   2. require() /home/ubuntu/workspace/api/index.php:2
[14-Jul-2015 02:55:52 UTC] PHP   3. ComposerAutoloaderInitdd50eeed4e8b0c72b177bc6f4ae519fd::getLoader() /home/ubuntu/workspace/api/vendor/autoload.php:7
[14-Jul-2015 02:55:52 UTC] PHP   4. composerRequiredd50eeed4e8b0c72b177bc6f4ae519fd() /home/ubuntu/workspace/api/vendor/composer/autoload_real.php:45
[14-Jul-2015 02:55:52 UTC] PHP Fatal error:  require(): Failed opening required '/home/ubuntu/workspace/api/vendor/vrana/notorm/NotORM.php' (include_path='.:/usr/share/php:/usr/share/pear') in /home/ubuntu/workspace/api/vendor/composer/autoload_real.php on line 54
[14-Jul-2015 02:55:52 UTC] PHP Stack trace:
[14-Jul-2015 02:55:52 UTC] PHP   1. {main}() /home/ubuntu/workspace/api/index.php:0
[14-Jul-2015 02:55:52 UTC] PHP   2. require() /home/ubuntu/workspace/api/index.php:2
[14-Jul-2015 02:55:52 UTC] PHP   3. ComposerAutoloaderInitdd50eeed4e8b0c72b177bc6f4ae519fd::getLoader() /home/ubuntu/workspace/api/vendor/autoload.php:7
[14-Jul-2015 02:55:52 UTC] PHP   4. composerRequiredd50eeed4e8b0c72b177bc6f4ae519fd() /home/ubuntu/workspace/api/vendor/composer/autoload_real.php:45
[16-Jul-2015 16:05:08 UTC] PHP Parse error:  syntax error, unexpected ')' in /home/ubuntu/workspace/api/index.php on line 79
[16-Jul-2015 16:05:33 UTC] PHP Parse error:  syntax error, unexpected ')' in /home/ubuntu/workspace/api/index.php on line 79
[16-Jul-2015 16:05:35 UTC] PHP Parse error:  syntax error, unexpected ')' in /home/ubuntu/workspace/api/index.php on line 79
[18-Jul-2015 18:50:20 UTC] PHP Fatal error:  Unsupported operand types in /home/ubuntu/workspace/api/index.php on line 15
[18-Jul-2015 18:50:20 UTC] PHP Stack trace:
[18-Jul-2015 18:50:20 UTC] PHP   1. {main}() /home/ubuntu/workspace/api/index.php:0
[18-Jul-2015 18:50:20 UTC] PHP   2. Slim\Slim->run() /home/ubuntu/workspace/api/index.php:132
[18-Jul-2015 18:50:20 UTC] PHP   3. Slim\Middleware\PrettyExceptions->call() /home/ubuntu/workspace/api/vendor/slim/slim/Slim/Slim.php:1302
[18-Jul-2015 18:50:20 UTC] PHP   4. Slim\Middleware\MethodOverride->call() /home/ubuntu/workspace/api/vendor/slim/slim/Slim/Middleware/PrettyExceptions.php:67
[18-Jul-2015 18:50:20 UTC] PHP   5. Slim\Middleware\Flash->call() /home/ubuntu/workspace/api/vendor/slim/slim/Slim/Middleware/MethodOverride.php:92
[18-Jul-2015 18:50:20 UTC] PHP   6. Slim\Slim->call() /home/ubuntu/workspace/api/vendor/slim/slim/Slim/Middleware/Flash.php:85
[18-Jul-2015 18:50:20 UTC] PHP   7. Slim\Route->dispatch() /home/ubuntu/workspace/api/vendor/slim/slim/Slim/Slim.php:1357
[18-Jul-2015 18:50:20 UTC] PHP   8. call_user_func_array:{/home/ubuntu/workspace/api/vendor/slim/slim/Slim/Route.php:468}() /home/ubuntu/workspace/api/vendor/slim/slim/Slim/Route.php:468
[18-Jul-2015 18:50:20 UTC] PHP   9. {closure:/home/ubuntu/workspace/api/index.php:10-43}() /home/ubuntu/workspace/api/vendor/slim/slim/Slim/Route.php:468
[18-Jul-2015 18:52:12 UTC] PHP Fatal error:  Unsupported operand types in /home/ubuntu/workspace/api/index.php on line 15
[18-Jul-2015 18:52:12 UTC] PHP Stack trace:
[18-Jul-2015 18:52:12 UTC] PHP   1. {main}() /home/ubuntu/workspace/api/index.php:0
[18-Jul-2015 18:52:12 UTC] PHP   2. Slim\Slim->run() /home/ubuntu/workspace/api/index.php:132
[18-Jul-2015 18:52:12 UTC] PHP   3. Slim\Middleware\PrettyExceptions->call() /home/ubuntu/workspace/api/vendor/slim/slim/Slim/Slim.php:1302
[18-Jul-2015 18:52:12 UTC] PHP   4. Slim\Middleware\MethodOverride->call() /home/ubuntu/workspace/api/vendor/slim/slim/Slim/Middleware/PrettyExceptions.php:67
[18-Jul-2015 18:52:12 UTC] PHP   5. Slim\Middleware\Flash->call() /home/ubuntu/workspace/api/vendor/slim/slim/Slim/Middleware/MethodOverride.php:92
[18-Jul-2015 18:52:12 UTC] PHP   6. Slim\Slim->call() /home/ubuntu/workspace/api/vendor/slim/slim/Slim/Middleware/Flash.php:85
[18-Jul-2015 18:52:12 UTC] PHP   7. Slim\Route->dispatch() /home/ubuntu/workspace/api/vendor/slim/slim/Slim/Slim.php:1357
[18-Jul-2015 18:52:12 UTC] PHP   8. call_user_func_array:{/home/ubuntu/workspace/api/vendor/slim/slim/Slim/Route.php:468}() /home/ubuntu/workspace/api/vendor/slim/slim/Slim/Route.php:468
[18-Jul-2015 18:52:12 UTC] PHP   9. {closure:/home/ubuntu/workspace/api/index.php:10-43}() /home/ubuntu/workspace/api/vendor/slim/slim/Slim/Route.php:468
[18-Jul-2015 18:52:35 UTC] PHP Fatal error:  Unsupported operand types in /home/ubuntu/workspace/api/index.php on line 15
[18-Jul-2015 18:52:35 UTC] PHP Stack trace:
[18-Jul-2015 18:52:35 UTC] PHP   1. {main}() /home/ubuntu/workspace/api/index.php:0
[18-Jul-2015 18:52:35 UTC] PHP   2. Slim\Slim->run() /home/ubuntu/workspace/api/index.php:132
[18-Jul-2015 18:52:35 UTC] PHP   3. Slim\Middleware\PrettyExceptions->call() /home/ubuntu/workspace/api/vendor/slim/slim/Slim/Slim.php:1302
[18-Jul-2015 18:52:35 UTC] PHP   4. Slim\Middleware\MethodOverride->call() /home/ubuntu/workspace/api/vendor/slim/slim/Slim/Middleware/PrettyExceptions.php:67
[18-Jul-2015 18:52:35 UTC] PHP   5. Slim\Middleware\Flash->call() /home/ubuntu/workspace/api/vendor/slim/slim/Slim/Middleware/MethodOverride.php:92
[18-Jul-2015 18:52:35 UTC] PHP   6. Slim\Slim->call() /home/ubuntu/workspace/api/vendor/slim/slim/Slim/Middleware/Flash.php:85
[18-Jul-2015 18:52:35 UTC] PHP   7. Slim\Route->dispatch() /home/ubuntu/workspace/api/vendor/slim/slim/Slim/Slim.php:1357
[18-Jul-2015 18:52:35 UTC] PHP   8. call_user_func_array:{/home/ubuntu/workspace/api/vendor/slim/slim/Slim/Route.php:468}() /home/ubuntu/workspace/api/vendor/slim/slim/Slim/Route.php:468
[18-Jul-2015 18:52:35 UTC] PHP   9. {closure:/home/ubuntu/workspace/api/index.php:10-43}() /home/ubuntu/workspace/api/vendor/slim/slim/Slim/Route.php:468
[18-Jul-2015 19:14:58 UTC] Arrayemail
[18-Jul-2015 19:14:58 UTC] Login failed
[18-Jul-2015 19:18:55 UTC] a@a.com
[18-Jul-2015 19:18:55 UTC] Client logged
[18-Jul-2015 19:21:15 UTC] a@a.com
[18-Jul-2015 19:21:15 UTC] Login failed
[18-Jul-2015 19:21:34 UTC] a@a.com
[18-Jul-2015 19:21:34 UTC] Login failed
[18-Jul-2015 19:22:49 UTC] a@a.com
[18-Jul-2015 19:22:49 UTC] Client logged
[18-Jul-2015 19:24:52 UTC] 0
[18-Jul-2015 19:24:52 UTC] 0
[18-Jul-2015 19:24:52 UTC] Client logged
[18-Jul-2015 19:25:34 UTC] a@a.com
[18-Jul-2015 19:25:34 UTC] asdf
[18-Jul-2015 19:25:34 UTC] Client logged
[18-Jul-2015 19:27:21 UTC] a@a.com
[18-Jul-2015 19:27:21 UTC] asdf
[18-Jul-2015 19:27:21 UTC] Client logged
[18-Jul-2015 19:27:34 UTC] a@a.com
[18-Jul-2015 19:27:34 UTC] asdfg
[18-Jul-2015 19:27:34 UTC] Login failed
[18-Jul-2015 19:27:44 UTC] a@a.coma
[18-Jul-2015 19:27:44 UTC] asdf
[18-Jul-2015 19:27:44 UTC] Login failed
[18-Jul-2015 19:27:50 UTC] a@a.com
[18-Jul-2015 19:27:50 UTC] asdf
[18-Jul-2015 19:27:50 UTC] Client logged
[18-Jul-2015 19:28:05 UTC] a@a.com
[18-Jul-2015 19:28:05 UTC] asdf
[18-Jul-2015 19:28:05 UTC] Client logged
[18-Jul-2015 19:32:49 UTC] a@a.com
[18-Jul-2015 19:32:49 UTC] asdf
[18-Jul-2015 19:32:49 UTC] Client logged
[18-Jul-2015 19:34:43 UTC] a@a.com
[18-Jul-2015 19:34:43 UTC] asdf
[18-Jul-2015 19:34:43 UTC] Client logged
[18-Jul-2015 19:34:43 UTC] {"status":true,"message":"client logged successfully","id":null,"name":null,"email":null,"cpf":null,"telephone":null}
[18-Jul-2015 19:35:43 UTC] a@a.com
[18-Jul-2015 19:35:43 UTC] asdf
[18-Jul-2015 19:35:43 UTC] Client logged
[18-Jul-2015 19:35:43 UTC] 
[18-Jul-2015 19:35:43 UTC] {"status":true,"message":"client logged successfully","id":null,"name":null,"email":null,"cpf":null,"telephone":null}
[18-Jul-2015 19:36:26 UTC] a@a.com
[18-Jul-2015 19:36:26 UTC] asdf
[18-Jul-2015 19:36:26 UTC] Client logged
[18-Jul-2015 19:36:26 UTC] SELECT * FROM clients WHERE (password = 'asdf') AND (email = 'a@a.com')
[18-Jul-2015 19:36:26 UTC] {"status":true,"message":"client logged successfully","id":null,"name":null,"email":null,"cpf":null,"telephone":null}
[18-Jul-2015 19:39:07 UTC] a@a.com
[18-Jul-2015 19:39:07 UTC] asdf
[18-Jul-2015 19:39:07 UTC] Client logged
[18-Jul-2015 19:39:38 UTC] a@a.com
[18-Jul-2015 19:39:38 UTC] asdf
[18-Jul-2015 19:39:38 UTC] Client logged
[18-Jul-2015 19:39:38 UTC] 
[18-Jul-2015 19:39:38 UTC] {"status":true,"message":"client logged successfully","id":null,"name":null,"email":null,"cpf":null,"telephone":null}
[18-Jul-2015 19:39:56 UTC] a@a.com
[18-Jul-2015 19:39:56 UTC] asdf
[18-Jul-2015 19:39:56 UTC] Client logged
[18-Jul-2015 19:39:56 UTC] 
[18-Jul-2015 19:39:56 UTC] {"status":true,"message":"client logged successfully","id":null,"name":null,"email":null,"cpf":null,"telephone":null}
[18-Jul-2015 19:48:18 UTC] PHP Fatal error:  Call to undefined function where() in /home/ubuntu/workspace/api/index.php on line 14
[18-Jul-2015 19:48:18 UTC] PHP Stack trace:
[18-Jul-2015 19:48:18 UTC] PHP   1. {main}() /home/ubuntu/workspace/api/index.php:0
[18-Jul-2015 19:48:18 UTC] PHP   2. Slim\Slim->run() /home/ubuntu/workspace/api/index.php:133
[18-Jul-2015 19:48:18 UTC] PHP   3. Slim\Middleware\PrettyExceptions->call() /home/ubuntu/workspace/api/vendor/slim/slim/Slim/Slim.php:1302
[18-Jul-2015 19:48:18 UTC] PHP   4. Slim\Middleware\MethodOverride->call() /home/ubuntu/workspace/api/vendor/slim/slim/Slim/Middleware/PrettyExceptions.php:67
[18-Jul-2015 19:48:18 UTC] PHP   5. Slim\Middleware\Flash->call() /home/ubuntu/workspace/api/vendor/slim/slim/Slim/Middleware/MethodOverride.php:92
[18-Jul-2015 19:48:18 UTC] PHP   6. Slim\Slim->call() /home/ubuntu/workspace/api/vendor/slim/slim/Slim/Middleware/Flash.php:85
[18-Jul-2015 19:48:18 UTC] PHP   7. Slim\Route->dispatch() /home/ubuntu/workspace/api/vendor/slim/slim/Slim/Slim.php:1357
[18-Jul-2015 19:48:18 UTC] PHP   8. call_user_func_array:{/home/ubuntu/workspace/api/vendor/slim/slim/Slim/Route.php:468}() /home/ubuntu/workspace/api/vendor/slim/slim/Slim/Route.php:468
[18-Jul-2015 19:48:18 UTC] PHP   9. {closure:/home/ubuntu/workspace/api/index.php:10-44}() /home/ubuntu/workspace/api/vendor/slim/slim/Slim/Route.php:468
[18-Jul-2015 19:48:44 UTC] PHP Fatal error:  Call to undefined function where() in /home/ubuntu/workspace/api/index.php on line 14
[18-Jul-2015 19:48:44 UTC] PHP Stack trace:
[18-Jul-2015 19:48:44 UTC] PHP   1. {main}() /home/ubuntu/workspace/api/index.php:0
[18-Jul-2015 19:48:44 UTC] PHP   2. Slim\Slim->run() /home/ubuntu/workspace/api/index.php:133
[18-Jul-2015 19:48:44 UTC] PHP   3. Slim\Middleware\PrettyExceptions->call() /home/ubuntu/workspace/api/vendor/slim/slim/Slim/Slim.php:1302
[18-Jul-2015 19:48:44 UTC] PHP   4. Slim\Middleware\MethodOverride->call() /home/ubuntu/workspace/api/vendor/slim/slim/Slim/Middleware/PrettyExceptions.php:67
[18-Jul-2015 19:48:44 UTC] PHP   5. Slim\Middleware\Flash->call() /home/ubuntu/workspace/api/vendor/slim/slim/Slim/Middleware/MethodOverride.php:92
[18-Jul-2015 19:48:44 UTC] PHP   6. Slim\Slim->call() /home/ubuntu/workspace/api/vendor/slim/slim/Slim/Middleware/Flash.php:85
[18-Jul-2015 19:48:44 UTC] PHP   7. Slim\Route->dispatch() /home/ubuntu/workspace/api/vendor/slim/slim/Slim/Slim.php:1357
[18-Jul-2015 19:48:44 UTC] PHP   8. call_user_func_array:{/home/ubuntu/workspace/api/vendor/slim/slim/Slim/Route.php:468}() /home/ubuntu/workspace/api/vendor/slim/slim/Slim/Route.php:468
[18-Jul-2015 19:48:44 UTC] PHP   9. {closure:/home/ubuntu/workspace/api/index.php:10-44}() /home/ubuntu/workspace/api/vendor/slim/slim/Slim/Route.php:468
[18-Jul-2015 19:49:43 UTC] SELECT * FROM clients WHERE (password = 'asdf') AND (email = 'a@a.com')
[18-Jul-2015 19:49:43 UTC] a@a.com
[18-Jul-2015 19:49:43 UTC] asdf
[18-Jul-2015 19:49:43 UTC] Client logged
[18-Jul-2015 19:49:43 UTC] 
[18-Jul-2015 19:49:43 UTC] {"status":true,"message":"client logged successfully","id":null,"name":null,"email":null,"cpf":null,"telephone":null}
[18-Jul-2015 19:52:07 UTC] SELECT * FROM clients WHERE (password = 'asdf') AND (email = 'a@a.com')
[18-Jul-2015 19:52:07 UTC] a@a.com
[18-Jul-2015 19:52:07 UTC] asdf
[18-Jul-2015 19:52:07 UTC] Client logged
[18-Jul-2015 19:52:07 UTC] 
[18-Jul-2015 19:52:07 UTC] {"status":true,"message":"client logged successfully","id":null,"name":null,"email":null,"cpf":null,"telephone":null}
[18-Jul-2015 19:53:25 UTC] SELECT * FROM clients WHERE (password = 'asdf') AND (email = 'a@a.com')
[18-Jul-2015 19:53:25 UTC] a@a.com
[18-Jul-2015 19:53:25 UTC] asdf
[18-Jul-2015 19:53:25 UTC] PHP Fatal error:  Call to a member function row() on a non-object in /home/ubuntu/workspace/api/index.php on line 19
[18-Jul-2015 19:53:25 UTC] PHP Stack trace:
[18-Jul-2015 19:53:25 UTC] PHP   1. {main}() /home/ubuntu/workspace/api/index.php:0
[18-Jul-2015 19:53:25 UTC] PHP   2. Slim\Slim->run() /home/ubuntu/workspace/api/index.php:138
[18-Jul-2015 19:53:25 UTC] PHP   3. Slim\Middleware\PrettyExceptions->call() /home/ubuntu/workspace/api/vendor/slim/slim/Slim/Slim.php:1302
[18-Jul-2015 19:53:25 UTC] PHP   4. Slim\Middleware\MethodOverride->call() /home/ubuntu/workspace/api/vendor/slim/slim/Slim/Middleware/PrettyExceptions.php:67
[18-Jul-2015 19:53:25 UTC] PHP   5. Slim\Middleware\Flash->call() /home/ubuntu/workspace/api/vendor/slim/slim/Slim/Middleware/MethodOverride.php:92
[18-Jul-2015 19:53:25 UTC] PHP   6. Slim\Slim->call() /home/ubuntu/workspace/api/vendor/slim/slim/Slim/Middleware/Flash.php:85
[18-Jul-2015 19:53:25 UTC] PHP   7. Slim\Route->dispatch() /home/ubuntu/workspace/api/vendor/slim/slim/Slim/Slim.php:1357
[18-Jul-2015 19:53:25 UTC] PHP   8. call_user_func_array:{/home/ubuntu/workspace/api/vendor/slim/slim/Slim/Route.php:468}() /home/ubuntu/workspace/api/vendor/slim/slim/Slim/Route.php:468
[18-Jul-2015 19:53:25 UTC] PHP   9. {closure:/home/ubuntu/workspace/api/index.php:10-49}() /home/ubuntu/workspace/api/vendor/slim/slim/Slim/Route.php:468
[18-Jul-2015 19:54:58 UTC] SELECT * FROM clients WHERE (password = 'asdf') AND (email = 'a@a.com')
[18-Jul-2015 19:54:58 UTC] a@a.com
[18-Jul-2015 19:54:58 UTC] asdf
[18-Jul-2015 19:54:58 UTC] 1
[18-Jul-2015 19:54:58 UTC] Login failed
[18-Jul-2015 19:57:44 UTC] SELECT * FROM clients WHERE (password = 'asdf') AND (email = 'a@a.com')
[18-Jul-2015 19:57:44 UTC] a@a.com
[18-Jul-2015 19:57:44 UTC] asdf
[18-Jul-2015 19:57:44 UTC] 1
[18-Jul-2015 19:57:44 UTC] Login failed
[18-Jul-2015 19:58:19 UTC] SELECT * FROM clients WHERE (password = 'asdf') AND (email = 'a@a.com')
[18-Jul-2015 19:58:19 UTC] a@a.com
[18-Jul-2015 19:58:19 UTC] asdf
[18-Jul-2015 19:58:19 UTC] a@a.com
[18-Jul-2015 19:58:19 UTC] Login failed
[18-Jul-2015 19:59:00 UTC] SELECT * FROM clients WHERE (password = 'asdf') AND (email = 'a@a.com')
[18-Jul-2015 19:59:00 UTC] a@a.com
[18-Jul-2015 19:59:00 UTC] asdf
[18-Jul-2015 19:59:00 UTC] a@a.com
[18-Jul-2015 19:59:00 UTC] Login failed
[18-Jul-2015 19:59:28 UTC] SELECT * FROM clients WHERE (password = 'asdf') AND (email = 'a@a.com')
[18-Jul-2015 19:59:28 UTC] a@a.com
[18-Jul-2015 19:59:28 UTC] asdf
[18-Jul-2015 19:59:28 UTC] Client logged
[18-Jul-2015 19:59:28 UTC] 1
[18-Jul-2015 19:59:28 UTC] {"status":true,"message":"client logged successfully","id":"1","name":"a","email":"a@a.com","cpf":"49555502668","telephone":"3599843493"}
[18-Jul-2015 20:00:33 UTC] {"status":true,"message":"client logged successfully","id":"1","name":"a","email":"a@a.com","cpf":"49555502668","telephone":"3599843493"}
[18-Jul-2015 20:30:58 UTC] {"status":true,"message":"client logged successfully","id":"1","name":"a","email":"a@a.com","cpf":"49555502668","telephone":"3599843493"}
[18-Jul-2015 20:31:32 UTC] {"status":true,"message":"client logged successfully","id":"2","name":"jon doe","email":"jon@jon.com","cpf":"0000000","telephone":"0000000"}
[18-Jul-2015 21:03:32 UTC] Login failed
[18-Jul-2015 21:08:04 UTC] Login failed
[18-Jul-2015 21:19:35 UTC] Login failed
[18-Jul-2015 21:21:39 UTC] Login failed
[18-Jul-2015 21:21:48 UTC] Login failed
[18-Jul-2015 21:22:19 UTC] Login failed
[18-Jul-2015 21:24:02 UTC] Login failed
[18-Jul-2015 21:26:05 UTC] Login failed
[18-Jul-2015 21:28:10 UTC] Login failed
[18-Jul-2015 21:30:32 UTC] Login failed
[18-Jul-2015 21:31:31 UTC] Login failed
[19-Jul-2015 01:57:40 UTC] funcao verify
[19-Jul-2015 01:57:40 UTC] sessao valida
[19-Jul-2015 01:58:16 UTC] funcao verify
[19-Jul-2015 01:58:16 UTC] sessao valida
[19-Jul-2015 02:01:07 UTC] funcao verify
[19-Jul-2015 02:01:07 UTC] no session
[19-Jul-2015 02:01:26 UTC] funcao verify
[19-Jul-2015 02:01:26 UTC] sessao valida
[19-Jul-2015 02:02:58 UTC] funcao verify
[19-Jul-2015 02:02:58 UTC] sessao valida
[19-Jul-2015 02:02:58 UTC] {"status":true,"client_id":"1","client_name":"a"}
[19-Jul-2015 02:05:25 UTC] funcao verify
[19-Jul-2015 02:05:25 UTC] sessao valida
[19-Jul-2015 02:05:25 UTC] {"status":true,"client_id":"1","client_name":"a"}
[19-Jul-2015 02:05:54 UTC] funcao verify
[19-Jul-2015 02:05:54 UTC] sessao valida
[19-Jul-2015 02:05:54 UTC] {"status":true,"client_id":"1","client_name":"a"}
[19-Jul-2015 02:07:55 UTC] funcao verify
[19-Jul-2015 02:07:55 UTC] sessao valida
[19-Jul-2015 02:07:55 UTC] {"status":true,"client_id":"1","client_name":"a"}
[19-Jul-2015 02:08:06 UTC] funcao verify
[19-Jul-2015 02:08:06 UTC] sessao valida
[19-Jul-2015 02:08:06 UTC] {"status":true,"client_id":"1","client_name":"a"}
[19-Jul-2015 02:09:13 UTC] funcao verify
[19-Jul-2015 02:09:13 UTC] sessao valida
[19-Jul-2015 02:09:13 UTC] {"status":true,"client_id":"1","client_name":"a"}
[19-Jul-2015 02:09:45 UTC] funcao verify
[19-Jul-2015 02:09:45 UTC] sessao valida
[19-Jul-2015 02:09:45 UTC] {"status":true,"client_id":"1","client_name":"a"}
[19-Jul-2015 02:09:50 UTC] funcao verify
[19-Jul-2015 02:09:50 UTC] sessao valida
[19-Jul-2015 02:09:50 UTC] {"status":true,"client_id":"1","client_name":"a"}
[19-Jul-2015 02:18:28 UTC] funcao verify
[19-Jul-2015 02:18:28 UTC] sessao valida
[19-Jul-2015 02:18:28 UTC] {"status":true,"client_id":"1","client_name":"a"}
[19-Jul-2015 02:19:41 UTC] funcao verify
[19-Jul-2015 02:19:41 UTC] sessao valida
[19-Jul-2015 02:19:41 UTC] {"status":true,"client_id":"1","client_name":"a"}
[19-Jul-2015 02:23:24 UTC] funcao verify
[19-Jul-2015 02:23:24 UTC] sessao valida
[19-Jul-2015 02:23:24 UTC] {"status":true,"client_id":"1","client_name":"a"}
[19-Jul-2015 02:23:34 UTC] funcao verify
[19-Jul-2015 02:23:34 UTC] sessao valida
[19-Jul-2015 02:23:34 UTC] {"status":true,"client_id":"1","client_name":"a"}
[19-Jul-2015 02:25:01 UTC] Login failed
[19-Jul-2015 02:25:30 UTC] funcao verify
[19-Jul-2015 02:25:30 UTC] sessao valida
[19-Jul-2015 02:25:30 UTC] {"status":true,"client_id":"1","client_name":"a"}
[19-Jul-2015 02:32:13 UTC] funcao verify
[19-Jul-2015 02:32:13 UTC] sessao valida
[19-Jul-2015 02:32:13 UTC] {"status":true,"client_id":"1","client_name":"a"}
[19-Jul-2015 02:33:40 UTC] funcao verify
[19-Jul-2015 02:33:40 UTC] sessao valida
[19-Jul-2015 02:33:40 UTC] {"status":true,"client_id":"1","client_name":"a"}
[19-Jul-2015 02:34:16 UTC] funcao verify
[19-Jul-2015 02:34:16 UTC] sessao valida
[19-Jul-2015 02:34:16 UTC] {"status":true,"client_id":"1","client_name":"a"}
[19-Jul-2015 02:35:17 UTC] funcao verify
[19-Jul-2015 02:35:17 UTC] sessao valida
[19-Jul-2015 02:35:17 UTC] {"status":true,"client_id":"1","client_name":"a"}
[19-Jul-2015 02:36:44 UTC] funcao verify
[19-Jul-2015 02:36:44 UTC] sessao valida
[19-Jul-2015 02:36:44 UTC] {"status":true,"client_id":"1","client_name":"a"}
[19-Jul-2015 02:38:18 UTC] funcao verify
[19-Jul-2015 02:38:18 UTC] sessao valida
[19-Jul-2015 02:38:18 UTC] {"status":true,"client_id":"1","client_name":"a"}
[19-Jul-2015 02:39:54 UTC] funcao verify
[19-Jul-2015 02:39:54 UTC] sessao valida
[19-Jul-2015 02:39:54 UTC] {"status":true,"client_id":"1","client_name":"a"}
[19-Jul-2015 02:41:53 UTC] funcao verify
[19-Jul-2015 02:41:53 UTC] sessao valida
[19-Jul-2015 02:41:53 UTC] {"status":true,"client_id":"1","client_name":"a"}
[19-Jul-2015 02:42:43 UTC] funcao verify
[19-Jul-2015 02:42:43 UTC] sessao valida
[19-Jul-2015 02:42:43 UTC] {"status":true,"client_id":"1","client_name":"a"}
[19-Jul-2015 02:43:08 UTC] funcao verify
[19-Jul-2015 02:43:08 UTC] no session
[19-Jul-2015 03:36:06 UTC] funcao verify
[19-Jul-2015 03:36:06 UTC] no session
[19-Jul-2015 03:36:27 UTC] funcao verify
[19-Jul-2015 03:36:27 UTC] sessao valida
[19-Jul-2015 03:36:27 UTC] {"status":true,"client_id":"1","client_name":"a"}
[19-Jul-2015 03:42:52 UTC] funcao verify
[19-Jul-2015 03:42:52 UTC] sessao valida
[19-Jul-2015 03:42:52 UTC] {"status":true,"client_id":"1","client_name":"a"}
[19-Jul-2015 03:47:41 UTC] funcao verify
[19-Jul-2015 03:47:41 UTC] sessao valida
[19-Jul-2015 03:47:41 UTC] {"status":true,"client_id":"1","client_name":"a"}
[19-Jul-2015 03:48:46 UTC] funcao verify
[19-Jul-2015 03:48:46 UTC] sessao valida
[19-Jul-2015 03:48:46 UTC] {"status":true,"client_id":"1","client_name":"a"}
[19-Jul-2015 04:05:40 UTC] funcao verify
[19-Jul-2015 04:05:40 UTC] sessao valida
[19-Jul-2015 04:05:40 UTC] {"status":true,"client_id":"1","client_name":"a"}
[19-Jul-2015 04:07:06 UTC] funcao verify
[19-Jul-2015 04:07:06 UTC] sessao valida
[19-Jul-2015 04:07:06 UTC] {"status":true,"client_id":"1","client_name":"a"}
[19-Jul-2015 04:24:41 UTC] funcao verify
[19-Jul-2015 04:24:41 UTC] sessao valida
[19-Jul-2015 04:24:41 UTC] {"status":true,"client_id":"1","client_name":"a"}
[19-Jul-2015 04:25:43 UTC] funcao verify
[19-Jul-2015 04:25:43 UTC] sessao valida
[19-Jul-2015 04:25:43 UTC] {"status":true,"client_id":"1","client_name":"a"}
[19-Jul-2015 04:25:47 UTC] funcao verify
[19-Jul-2015 04:25:47 UTC] sessao valida
[19-Jul-2015 04:25:47 UTC] {"status":true,"client_id":"1","client_name":"a"}
[19-Jul-2015 04:26:31 UTC] funcao verify
[19-Jul-2015 04:26:31 UTC] sessao valida
[19-Jul-2015 04:26:31 UTC] {"status":true,"client_id":"1","client_name":"a"}
[19-Jul-2015 04:33:00 UTC] funcao verify
[19-Jul-2015 04:33:00 UTC] sessao valida
[19-Jul-2015 04:33:00 UTC] {"status":true,"client_id":"1","client_name":"a"}
[19-Jul-2015 04:34:57 UTC] funcao verify
[19-Jul-2015 04:34:57 UTC] sessao valida
[19-Jul-2015 04:34:57 UTC] {"status":true,"client_id":"1","client_name":"a"}
[19-Jul-2015 04:35:05 UTC] funcao verify
[19-Jul-2015 04:35:05 UTC] sessao valida
[19-Jul-2015 04:35:05 UTC] {"status":true,"client_id":"1","client_name":"a"}
[19-Jul-2015 04:37:29 UTC] funcao verify
[19-Jul-2015 04:37:29 UTC] sessao valida
[19-Jul-2015 04:37:29 UTC] {"status":true,"client_id":"1","client_name":"a"}
[19-Jul-2015 04:37:56 UTC] funcao verify
[19-Jul-2015 04:37:56 UTC] sessao valida
[19-Jul-2015 04:37:56 UTC] {"status":true,"client_id":"1","client_name":"a"}
[19-Jul-2015 04:38:06 UTC] funcao verify
[19-Jul-2015 04:38:06 UTC] sessao valida
[19-Jul-2015 04:38:06 UTC] {"status":true,"client_id":"1","client_name":"a"}
[19-Jul-2015 04:38:24 UTC] funcao verify
[19-Jul-2015 04:38:24 UTC] no session
[19-Jul-2015 13:45:49 UTC] funcao verify
[19-Jul-2015 13:45:49 UTC] sessao valida
[19-Jul-2015 13:45:49 UTC] {"status":true,"client_id":"1","client_name":"a"}
[19-Jul-2015 13:55:38 UTC] funcao verify
[19-Jul-2015 13:55:38 UTC] sessao valida
[19-Jul-2015 13:55:38 UTC] {"status":true,"client_id":"1","client_name":"a"}
[19-Jul-2015 14:25:58 UTC] funcao verify
[19-Jul-2015 14:25:58 UTC] sessao valida
[19-Jul-2015 14:25:58 UTC] {"status":true,"client_id":"1","client_name":"a"}
[19-Jul-2015 14:26:02 UTC] funcao verify
[19-Jul-2015 14:26:02 UTC] sessao valida
[19-Jul-2015 14:26:02 UTC] {"status":true,"client_id":"1","client_name":"a"}
[19-Jul-2015 14:26:17 UTC] funcao verify
[19-Jul-2015 14:26:17 UTC] sessao valida
[19-Jul-2015 14:26:17 UTC] {"status":true,"client_id":"1","client_name":"a"}
[19-Jul-2015 14:26:48 UTC] funcao verify
[19-Jul-2015 14:26:48 UTC] sessao valida
[19-Jul-2015 14:26:48 UTC] {"status":true,"client_id":"1","client_name":"a"}
[19-Jul-2015 14:29:12 UTC] funcao verify
[19-Jul-2015 14:29:12 UTC] sessao valida
[19-Jul-2015 14:29:12 UTC] {"status":true,"client_id":"1","client_name":"a"}
[19-Jul-2015 14:29:14 UTC] funcao logout
[19-Jul-2015 14:31:38 UTC] verify login function
[19-Jul-2015 14:31:38 UTC] session validated
[19-Jul-2015 14:31:38 UTC] {"status":true,"client_id":"1","client_name":"a"}
[19-Jul-2015 14:32:19 UTC] verify login function
[19-Jul-2015 14:32:19 UTC] session validated
[19-Jul-2015 14:32:19 UTC] {"status":true,"client_id":"1","client_name":"a"}
[19-Jul-2015 14:32:24 UTC] logout function
[19-Jul-2015 14:32:47 UTC] Login failed
[19-Jul-2015 14:32:55 UTC] Login failed
[19-Jul-2015 14:33:27 UTC] verify login function
[19-Jul-2015 14:33:27 UTC] session validated
[19-Jul-2015 14:33:27 UTC] {"status":true,"client_id":"1","client_name":"a"}
[19-Jul-2015 14:39:01 UTC] logout function
[19-Jul-2015 14:42:23 UTC] verify login function
[19-Jul-2015 14:42:23 UTC] no session
[19-Jul-2015 14:42:37 UTC] verify login function
[19-Jul-2015 14:42:37 UTC] session validated
[19-Jul-2015 14:42:37 UTC] {"status":true,"client_id":"2","client_name":"jon doe"}
[19-Jul-2015 14:42:40 UTC] logout function
[19-Jul-2015 14:43:43 UTC] verify login function
[19-Jul-2015 14:43:43 UTC] session validated
[19-Jul-2015 14:43:43 UTC] {"status":true,"client_id":"2","client_name":"jon doe"}
[19-Jul-2015 14:43:53 UTC] logout function
[19-Jul-2015 14:50:19 UTC] verify login function
[19-Jul-2015 14:50:19 UTC] session validated
[19-Jul-2015 14:50:19 UTC] {"status":true,"client_id":"2","client_name":"jon doe"}
[19-Jul-2015 14:52:47 UTC] verify login function
[19-Jul-2015 14:52:47 UTC] session validated
[19-Jul-2015 14:52:47 UTC] {"status":true,"client_id":"2","client_name":"jon doe"}
[19-Jul-2015 14:54:36 UTC] verify login function
[19-Jul-2015 14:54:36 UTC] session validated
[19-Jul-2015 14:54:36 UTC] {"status":true,"client_id":"2","client_name":"jon doe"}
[19-Jul-2015 14:57:31 UTC] verify login function
[19-Jul-2015 14:57:31 UTC] session validated
[19-Jul-2015 14:57:31 UTC] {"status":true,"client_id":"2","client_name":"jon doe"}
[19-Jul-2015 14:57:41 UTC] verify login function
[19-Jul-2015 14:57:41 UTC] session validated
[19-Jul-2015 14:57:41 UTC] {"status":true,"client_id":"2","client_name":"jon doe"}
[19-Jul-2015 14:57:49 UTC] verify login function
[19-Jul-2015 14:57:49 UTC] session validated
[19-Jul-2015 14:57:49 UTC] {"status":true,"client_id":"2","client_name":"jon doe"}
[19-Jul-2015 14:59:43 UTC] verify login function
[19-Jul-2015 14:59:43 UTC] session validated
[19-Jul-2015 14:59:43 UTC] {"status":true,"client_id":"2","client_name":"jon doe"}
[19-Jul-2015 14:59:59 UTC] verify login function
[19-Jul-2015 14:59:59 UTC] session validated
[19-Jul-2015 14:59:59 UTC] {"status":true,"client_id":"2","client_name":"jon doe"}
[19-Jul-2015 15:04:23 UTC] verify login function
[19-Jul-2015 15:04:23 UTC] session validated
[19-Jul-2015 15:04:23 UTC] {"status":true,"client_id":"2","client_name":"jon doe"}
[19-Jul-2015 15:04:43 UTC] verify login function
[19-Jul-2015 15:04:43 UTC] session validated
[19-Jul-2015 15:04:43 UTC] {"status":true,"client_id":"2","client_name":"jon doe"}
[19-Jul-2015 15:07:28 UTC] verify login function
[19-Jul-2015 15:07:28 UTC] session validated
[19-Jul-2015 15:07:28 UTC] {"status":true,"client_id":"2","client_name":"jon doe"}
[19-Jul-2015 15:08:15 UTC] verify login function
[19-Jul-2015 15:08:15 UTC] session validated
[19-Jul-2015 15:08:15 UTC] {"status":true,"client_id":"2","client_name":"jon doe"}
[19-Jul-2015 15:14:47 UTC] verify login function
[19-Jul-2015 15:14:47 UTC] session validated
[19-Jul-2015 15:14:47 UTC] {"status":true,"client_id":"2","client_name":"jon doe"}
[19-Jul-2015 15:16:52 UTC] verify login function
[19-Jul-2015 15:16:52 UTC] session validated
[19-Jul-2015 15:16:52 UTC] {"status":true,"client_id":"2","client_name":"jon doe"}
[19-Jul-2015 15:17:08 UTC] verify login function
[19-Jul-2015 15:17:08 UTC] session validated
[19-Jul-2015 15:17:08 UTC] {"status":true,"client_id":"2","client_name":"jon doe"}
[19-Jul-2015 15:17:23 UTC] verify login function
[19-Jul-2015 15:17:23 UTC] session validated
[19-Jul-2015 15:17:23 UTC] {"status":true,"client_id":"2","client_name":"jon doe"}
[19-Jul-2015 15:19:34 UTC] verify login function
[19-Jul-2015 15:19:34 UTC] session validated
[19-Jul-2015 15:19:34 UTC] {"status":true,"client_id":"2","client_name":"jon doe"}
[19-Jul-2015 15:19:46 UTC] verify login function
[19-Jul-2015 15:19:46 UTC] session validated
[19-Jul-2015 15:19:46 UTC] {"status":true,"client_id":"2","client_name":"jon doe"}
[19-Jul-2015 15:19:55 UTC] verify login function
[19-Jul-2015 15:19:55 UTC] session validated
[19-Jul-2015 15:19:55 UTC] {"status":true,"client_id":"2","client_name":"jon doe"}
[19-Jul-2015 15:39:26 UTC] verify login function
[19-Jul-2015 15:39:26 UTC] session validated
[19-Jul-2015 15:39:26 UTC] {"status":true,"client_id":"2","client_name":"jon doe"}
[19-Jul-2015 15:39:46 UTC] verify login function
[19-Jul-2015 15:39:46 UTC] session validated
[19-Jul-2015 15:39:46 UTC] {"status":true,"client_id":"2","client_name":"jon doe"}
[19-Jul-2015 15:41:50 UTC] verify login function
[19-Jul-2015 15:41:50 UTC] session validated
[19-Jul-2015 15:41:50 UTC] {"status":true,"client_id":"2","client_name":"jon doe"}
[19-Jul-2015 15:43:17 UTC] verify login function
[19-Jul-2015 15:43:17 UTC] session validated
[19-Jul-2015 15:43:17 UTC] {"status":true,"client_id":"2","client_name":"jon doe"}
[19-Jul-2015 15:53:31 UTC] verify login function
[19-Jul-2015 15:53:31 UTC] session validated
[19-Jul-2015 15:53:31 UTC] {"status":true,"client_id":"2","client_name":"jon doe"}
[19-Jul-2015 15:53:43 UTC] verify login function
[19-Jul-2015 15:53:43 UTC] session validated
[19-Jul-2015 15:53:43 UTC] {"status":true,"client_id":"2","client_name":"jon doe"}
[19-Jul-2015 15:55:09 UTC] verify login function
[19-Jul-2015 15:55:09 UTC] session validated
[19-Jul-2015 15:55:09 UTC] {"status":true,"client_id":"2","client_name":"jon doe"}
[19-Jul-2015 15:55:11 UTC] logout function
[19-Jul-2015 15:56:53 UTC] verify login function
[19-Jul-2015 15:56:53 UTC] session validated
[19-Jul-2015 15:56:53 UTC] {"status":true,"client_id":"2","client_name":"jon doe"}
[19-Jul-2015 17:15:01 UTC] verify login function
[19-Jul-2015 17:15:01 UTC] session validated
[19-Jul-2015 17:15:01 UTC] {"status":true,"client_id":"2","client_name":"jon doe"}
[19-Jul-2015 17:15:34 UTC] verify login function
[19-Jul-2015 17:15:34 UTC] session validated
[19-Jul-2015 17:15:34 UTC] {"status":true,"client_id":"2","client_name":"jon doe"}
[19-Jul-2015 17:15:40 UTC] verify login function
[19-Jul-2015 17:15:40 UTC] session validated
[19-Jul-2015 17:15:40 UTC] {"status":true,"client_id":"2","client_name":"jon doe"}
[19-Jul-2015 17:16:23 UTC] {"desc":"main","street":"Rua Dr Jose de Abreu Azevedo, 591","number":"123","city":"Santa Rita do Sapucaí","zip":"37540000","clients_id":"2"}
[19-Jul-2015 17:18:37 UTC] {"desc":"main","street":"Rua Dr Jose de Abreu","number":"123","city":"Santa Rita do Sapuca","zip":"37540000","clients_id":"2"}
[19-Jul-2015 17:19:32 UTC] {"desc":"main","street":"Abreu","number":"123","city":"Santa","zip":"37540000","clients_id":"2"}
[19-Jul-2015 17:21:02 UTC] {"desc":"main","street":"Abreu","number":"123","city":"Santa","zip":"37540000","clients_id":"2"}
[19-Jul-2015 17:22:02 UTC] verify login function
[19-Jul-2015 17:22:02 UTC] session validated
[19-Jul-2015 17:22:02 UTC] {"status":true,"client_id":"2","client_name":"jon doe"}
[19-Jul-2015 17:22:24 UTC] {"desc":"main","street":"str","number":"123","city":"srs","zip":"37540000","clients_id":"2"}
[19-Jul-2015 17:22:24 UTC] passou pelo stringify
[19-Jul-2015 17:28:29 UTC] {"desc":"main","street":"str","number":"123","city":"srs","zip":"37540000","clients_id":"2"}
[19-Jul-2015 17:28:29 UTC] passou pelo stringify
[19-Jul-2015 17:29:08 UTC] verify login function
[19-Jul-2015 17:29:08 UTC] session validated
[19-Jul-2015 17:29:08 UTC] {"status":true,"client_id":"2","client_name":"jon doe"}
[19-Jul-2015 17:29:24 UTC] {"zip":"123","clients_id":"2","desc":"main","street":"str","number":"111","city":"srs"}
[19-Jul-2015 17:29:24 UTC] passou pelo stringify
[19-Jul-2015 17:30:53 UTC] verify login function
[19-Jul-2015 17:30:53 UTC] session validated
[19-Jul-2015 17:30:53 UTC] {"status":true,"client_id":"2","client_name":"jon doe"}
[19-Jul-2015 17:31:16 UTC] {"zip":"123","clients_id":"2","desc":"main","street":"str","number":"1","city":"srs"}
[19-Jul-2015 17:31:16 UTC] passou pelo stringify
[19-Jul-2015 17:43:08 UTC] verify login function
[19-Jul-2015 17:43:08 UTC] session validated
[19-Jul-2015 17:43:08 UTC] {"status":true,"client_id":"2","client_name":"jon doe"}
[19-Jul-2015 17:43:24 UTC] {"clients_id":"2","desc":"main","street":"asd","number":"122","city":"srs"}
[19-Jul-2015 17:43:24 UTC] passou pelo stringify
[19-Jul-2015 17:45:31 UTC] verify login function
[19-Jul-2015 17:45:31 UTC] session validated
[19-Jul-2015 17:45:31 UTC] {"status":true,"client_id":"2","client_name":"jon doe"}
[19-Jul-2015 17:45:36 UTC] {"clients_id":"2","desc":"1","street":"1","number":"1","city":"1"}
[19-Jul-2015 17:45:36 UTC] passou pelo stringify
[19-Jul-2015 18:10:29 UTC] Login failed
[19-Jul-2015 18:11:24 UTC] verify login function
[19-Jul-2015 18:11:24 UTC] session validated
[19-Jul-2015 18:11:24 UTC] {"status":true,"client_id":"1","client_name":"jon doe"}
[19-Jul-2015 18:11:41 UTC] {"des":"main","street":"Rua Dr Jose de Abreu Azevedo","num":"123","city":"Santa Rita do Sapucai","zip":"37540000","clients_id":"2"}
[19-Jul-2015 18:11:41 UTC] passou pelo stringify
[19-Jul-2015 18:12:58 UTC] {"des":"main","street":"Rua Dr Jose de Abreu Azevedo","num":"123","city":"Santa Rita do Sapucai","zip":"37540000","clients_id":"2"}
[19-Jul-2015 18:12:58 UTC] passou pelo stringify
[19-Jul-2015 18:13:19 UTC] {"des":"main","street":"Rua Dr Jose de Abreu Azevedo","num":"123","city":"Santa Rita do Sapucai","zip":"37540000","clients_id":"2"}
[19-Jul-2015 18:13:19 UTC] passou pelo stringify
[19-Jul-2015 18:14:49 UTC] {"des":"main","street":"Rua Dr Jose de Abreu Azevedo","num":"123","city":"Santa Rita do Sapucai","zip":"37540000","clients_id":"2"}
[19-Jul-2015 18:14:49 UTC] passou pelo stringify
[19-Jul-2015 18:14:56 UTC] verify login function
[19-Jul-2015 18:14:56 UTC] session validated
[19-Jul-2015 18:14:56 UTC] {"status":true,"client_id":"1","client_name":"jon doe"}
[19-Jul-2015 18:15:06 UTC] {"des":"main","street":"Rua Dr Jose de Abreu Azevedo, 591","num":"1234","city":"Santa Rita do Sapucaí","zip":"37540000","clients_id":"1"}
[19-Jul-2015 18:15:06 UTC] passou pelo stringify
[19-Jul-2015 18:15:06 UTC] passou pelo banco
[19-Jul-2015 18:15:06 UTC] 5
[19-Jul-2015 18:31:07 UTC] verify login function
[19-Jul-2015 18:31:07 UTC] session validated
[19-Jul-2015 18:31:07 UTC] {"status":true,"client_id":"1","client_name":"jon doe"}
[19-Jul-2015 18:32:48 UTC] verify login function
[19-Jul-2015 18:32:48 UTC] session validated
[19-Jul-2015 18:32:48 UTC] {"status":true,"client_id":"3","client_name":"b"}
[19-Jul-2015 18:34:43 UTC] verify login function
[19-Jul-2015 18:34:43 UTC] session validated
[19-Jul-2015 18:34:43 UTC] {"status":true,"client_id":"3","client_name":"b"}
[19-Jul-2015 18:34:47 UTC] verify login function
[19-Jul-2015 18:34:47 UTC] session validated
[19-Jul-2015 18:34:47 UTC] {"status":true,"client_id":"3","client_name":"b"}
[19-Jul-2015 18:35:07 UTC] {"des":"bmain","street":"Rua Dr Jose de Abreu Azeved","num":"456","city":"Santa Rita do Sapucai","zip":"37540000","clients_id":"3"}
[19-Jul-2015 18:35:07 UTC] passou pelo stringify
[19-Jul-2015 18:35:07 UTC] passou pelo banco
[19-Jul-2015 18:35:07 UTC] 6
[19-Jul-2015 20:28:55 UTC] orders function
[19-Jul-2015 20:28:55 UTC] orders function- after foreach
[19-Jul-2015 20:28:55 UTC] [{"id":"1","data_order":"2015-07-19 20:15:35","data_mod":"2015-07-19 20:18:38","status":"Payment Approve"},{"id":"2","data_order":"2015-07-19 20:20:00","data_mod":"2015-07-19 20:21:45","status":"shipped"}]
[19-Jul-2015 20:40:49 UTC] orders function
[19-Jul-2015 20:40:49 UTC] orders function- after foreach
[19-Jul-2015 20:40:49 UTC] [{"id":"1","data_order":"2015-07-19 20:15:35","data_mod":"2015-07-19 20:18:38","status":"Payment Approve"},{"id":"2","data_order":"2015-07-19 20:20:00","data_mod":"2015-07-19 20:21:45","status":"shipped"}]
[19-Jul-2015 22:02:14 UTC] orders function
[19-Jul-2015 22:02:14 UTC] orders function- after foreach
[19-Jul-2015 22:02:14 UTC] [{"id":"1","data_order":"2015-07-19 20:15:35","data_mod":"2015-07-19 20:18:38","status":"Payment Approve"},{"id":"2","data_order":"2015-07-19 20:20:00","data_mod":"2015-07-19 20:21:45","status":"shipped"}]
[19-Jul-2015 22:02:43 UTC] orders function
[19-Jul-2015 22:02:43 UTC] orders function- after foreach
[19-Jul-2015 22:02:43 UTC] [{"id":"1","data_order":"2015-07-19 20:15:35","data_mod":"2015-07-19 20:18:38","status":"Payment Approve"},{"id":"2","data_order":"2015-07-19 20:20:00","data_mod":"2015-07-19 20:21:45","status":"shipped"}]
[19-Jul-2015 22:05:47 UTC] orders function
[19-Jul-2015 22:05:47 UTC] orders function- after foreach
[19-Jul-2015 22:05:47 UTC] [{"id":"1","data_order":"2015-07-19 20:15:35","data_mod":"2015-07-19 20:18:38","status":"Payment Approve"},{"id":"2","data_order":"2015-07-19 20:20:00","data_mod":"2015-07-19 20:21:45","status":"shipped"}]
[19-Jul-2015 22:26:09 UTC] PHP Parse error:  syntax error, unexpected ';', expecting ')' in /home/ubuntu/workspace/api/index.php on line 188
[19-Jul-2015 22:26:09 UTC] PHP Parse error:  syntax error, unexpected ';', expecting ')' in /home/ubuntu/workspace/api/index.php on line 188
[19-Jul-2015 22:26:39 UTC] PHP Parse error:  syntax error, unexpected ';', expecting ')' in /home/ubuntu/workspace/api/index.php on line 188
[19-Jul-2015 22:26:39 UTC] PHP Parse error:  syntax error, unexpected ';', expecting ')' in /home/ubuntu/workspace/api/index.php on line 188
[19-Jul-2015 22:29:43 UTC] PHP Parse error:  syntax error, unexpected '}' in /home/ubuntu/workspace/api/index.php on line 189
[19-Jul-2015 22:29:43 UTC] PHP Parse error:  syntax error, unexpected '}' in /home/ubuntu/workspace/api/index.php on line 189
[19-Jul-2015 23:13:42 UTC] orders function
[19-Jul-2015 23:13:42 UTC] orders function- after foreach
[19-Jul-2015 23:13:42 UTC] [{"id":"1","data_order":"2015-07-19 20:15:35","data_mod":"2015-07-19 20:18:38","status":"Payment Approve"},{"id":"2","data_order":"2015-07-19 20:20:00","data_mod":"2015-07-19 20:21:45","status":"shipped"}]
[19-Jul-2015 23:13:47 UTC] orders function
[19-Jul-2015 23:13:47 UTC] orders function- after foreach
[19-Jul-2015 23:13:47 UTC] [{"id":"1","data_order":"2015-07-19 20:15:35","data_mod":"2015-07-19 20:18:38","status":"Payment Approve"},{"id":"2","data_order":"2015-07-19 20:20:00","data_mod":"2015-07-19 20:21:45","status":"shipped"}]
[19-Jul-2015 23:27:00 UTC] orders function
[19-Jul-2015 23:27:00 UTC] orders function- after foreach
[19-Jul-2015 23:27:00 UTC] [{"id":"1","data_order":"2015-07-19 20:15:35","data_mod":"2015-07-19 20:18:38","status":"Payment Approve"},{"id":"2","data_order":"2015-07-19 20:20:00","data_mod":"2015-07-19 20:21:45","status":"shipped"}]
[20-Jul-2015 00:20:24 UTC] verify login function
[20-Jul-2015 00:20:24 UTC] no session
[20-Jul-2015 00:20:50 UTC] orders function
[20-Jul-2015 00:20:50 UTC] orders function- after foreach
[20-Jul-2015 00:20:50 UTC] [{"id":"1","data_order":"2015-07-19 20:15:35","data_mod":"2015-07-19 20:18:38","status":"Payment Approve"},{"id":"2","data_order":"2015-07-19 20:20:00","data_mod":"2015-07-19 20:21:45","status":"shipped"}]
[20-Jul-2015 00:25:39 UTC] orders function
[20-Jul-2015 00:26:26 UTC] orders function
[20-Jul-2015 00:26:26 UTC] 1
[20-Jul-2015 00:26:57 UTC] orders function
[20-Jul-2015 00:26:57 UTC] 1
[20-Jul-2015 00:29:04 UTC] orders function
[20-Jul-2015 00:29:04 UTC] 1
[20-Jul-2015 00:29:04 UTC] orders function- after foreach
[20-Jul-2015 00:29:04 UTC] [{"id":"1","data_order":"2015-07-19 20:15:35","data_mod":"2015-07-19 20:18:38","status":"Payment Approve"},{"id":"2","data_order":"2015-07-19 20:20:00","data_mod":"2015-07-19 20:21:45","status":"shipped"}]
[20-Jul-2015 00:32:06 UTC] orders function
[20-Jul-2015 00:32:06 UTC] 1
[20-Jul-2015 00:32:06 UTC] orders function- after foreach
[20-Jul-2015 00:32:06 UTC] [{"id":"1","data_order":"2015-07-19 20:15:35","data_mod":"2015-07-19 20:18:38","status":"Payment Approve"},{"id":"2","data_order":"2015-07-19 20:20:00","data_mod":"2015-07-19 20:21:45","status":"shipped"}]
[20-Jul-2015 00:32:52 UTC] Login failed
[20-Jul-2015 00:33:06 UTC] orders function
[20-Jul-2015 00:33:06 UTC] 2
[20-Jul-2015 00:33:06 UTC] orders function- after foreach
[20-Jul-2015 00:33:06 UTC] [{"id":"3","data_order":"2015-07-20 00:30:30","data_mod":"2015-07-20 00:30:30","status":"Finished"},{"id":"4","data_order":"2015-07-20 00:31:19","data_mod":"2015-07-20 00:31:19","status":"Finished"}]
[20-Jul-2015 00:54:13 UTC] PHP Parse error:  syntax error, unexpected '=' in /home/ubuntu/workspace/api/index.php on line 198
[20-Jul-2015 00:54:31 UTC] PHP Parse error:  syntax error, unexpected '=' in /home/ubuntu/workspace/api/index.php on line 198
[20-Jul-2015 01:12:07 UTC] PHP Parse error:  syntax error, unexpected ']', expecting ',' or ')' in /home/ubuntu/workspace/api/index.php on line 199
[20-Jul-2015 01:12:08 UTC] PHP Parse error:  syntax error, unexpected ']', expecting ',' or ')' in /home/ubuntu/workspace/api/index.php on line 199
[20-Jul-2015 01:12:08 UTC] PHP Parse error:  syntax error, unexpected ']', expecting ',' or ')' in /home/ubuntu/workspace/api/index.php on line 199
[20-Jul-2015 01:12:11 UTC] PHP Parse error:  syntax error, unexpected ']', expecting ',' or ')' in /home/ubuntu/workspace/api/index.php on line 199
[20-Jul-2015 01:26:45 UTC] PHP Parse error:  syntax error, unexpected '1' (T_LNUMBER), expecting variable (T_VARIABLE) or '$' in /home/ubuntu/workspace/api/index.php on line 203
[20-Jul-2015 01:28:18 UTC] PHP Parse error:  syntax error, unexpected '1' (T_LNUMBER), expecting variable (T_VARIABLE) or '$' in /home/ubuntu/workspace/api/index.php on line 203
[20-Jul-2015 02:00:31 UTC] PHP Parse error:  syntax error, unexpected '}' in /home/ubuntu/workspace/api/index.php on line 208
[20-Jul-2015 02:09:59 UTC] orders function
[20-Jul-2015 02:09:59 UTC] 2
[20-Jul-2015 02:09:59 UTC] orders function- after foreach
[20-Jul-2015 02:09:59 UTC] [{"id":"3","data_order":"2015-07-20 00:30:30","data_mod":"2015-07-20 00:30:30","status":"Finished"},{"id":"4","data_order":"2015-07-20 00:31:19","data_mod":"2015-07-20 00:31:19","status":"Finished"}]
[20-Jul-2015 02:10:08 UTC] verify login function
[20-Jul-2015 02:10:08 UTC] session validated
[20-Jul-2015 02:10:08 UTC] {"status":true,"client_id":"2","client_name":"a"}
[20-Jul-2015 02:31:13 UTC] orders function
[20-Jul-2015 02:31:13 UTC] 2
[20-Jul-2015 02:31:13 UTC] orders function- after foreach
[20-Jul-2015 02:31:13 UTC] [{"id":"3","data_order":"2015-07-20 00:30:30","data_mod":"2015-07-20 00:30:30","status":"Finished"},{"id":"4","data_order":"2015-07-20 00:31:19","data_mod":"2015-07-20 00:31:19","status":"Finished"}]
[20-Jul-2015 02:34:59 UTC] orders function
[20-Jul-2015 02:34:59 UTC] 2
[20-Jul-2015 02:34:59 UTC] orders function- after foreach
[20-Jul-2015 02:34:59 UTC] [{"id":"3","data_order":"2015-07-20 00:30:30","data_mod":"2015-07-20 00:30:30","status":"Finished"},{"id":"4","data_order":"2015-07-20 00:31:19","data_mod":"2015-07-20 00:31:19","status":"Finished"}]
[20-Jul-2015 02:42:40 UTC] Login failed
[20-Jul-2015 02:42:42 UTC] Login failed
[20-Jul-2015 11:38:57 UTC] orders function
[20-Jul-2015 11:38:57 UTC] 
[20-Jul-2015 11:38:57 UTC] orders function- after foreach
[20-Jul-2015 11:38:57 UTC] []
[21-Jul-2015 02:44:52 UTC] orders function
[21-Jul-2015 02:44:52 UTC] 4
[21-Jul-2015 02:44:52 UTC] orders function- after foreach
[21-Jul-2015 02:44:52 UTC] []
[21-Jul-2015 02:45:46 UTC] verify login function
[21-Jul-2015 02:45:46 UTC] session validated
[21-Jul-2015 02:45:46 UTC] {"status":true,"client_id":"4","client_name":"Edy Segura"}
[21-Jul-2015 20:04:25 UTC] orders function
[21-Jul-2015 20:04:25 UTC] 
[21-Jul-2015 20:04:25 UTC] orders function- after foreach
[21-Jul-2015 20:04:25 UTC] []
[21-Jul-2015 20:05:00 UTC] verify login function
[21-Jul-2015 20:05:00 UTC] no session
[21-Jul-2015 20:05:02 UTC] verify login function
[21-Jul-2015 20:05:02 UTC] no session
[21-Jul-2015 20:05:04 UTC] verify login function
[21-Jul-2015 20:05:04 UTC] no session
[21-Jul-2015 20:05:04 UTC] verify login function
[21-Jul-2015 20:05:04 UTC] no session
[21-Jul-2015 20:05:05 UTC] verify login function
[21-Jul-2015 20:05:05 UTC] no session
[27-Jul-2015 18:32:06 UTC] orders function
[27-Jul-2015 18:32:06 UTC] 4
[27-Jul-2015 18:32:06 UTC] orders function- after foreach
[27-Jul-2015 18:32:06 UTC] [{"id":"5","data_order":"2015-07-27 18:31:47","data_mod":"2015-07-27 18:31:47","status":"registered"},{"id":"6","data_order":"2015-07-27 18:31:54","data_mod":"2015-07-27 18:31:54","status":"registered"}]
[28-Jul-2015 01:50:46 UTC] PHP Fatal error:  SOAP-ERROR: Parsing WSDL: Couldn't load from 'http://ws.correios.com.br/calculador/CalcPrecoPrazo.asmx' : Premature end of data in tag html line 3
 in /home/ubuntu/workspace/api/index.php on line 208
[28-Jul-2015 13:30:06 UTC] orders function
[28-Jul-2015 13:30:06 UTC] 4
[28-Jul-2015 13:30:06 UTC] orders function- after foreach
[28-Jul-2015 13:30:06 UTC] [{"id":"5","data_order":"2015-07-27 18:31:47","data_mod":"2015-07-27 18:31:47","status":"registered"},{"id":"6","data_order":"2015-07-27 18:31:54","data_mod":"2015-07-27 18:31:54","status":"registered"}]
[28-Jul-2015 13:31:10 UTC] verify login function
[28-Jul-2015 13:31:10 UTC] session validated
[28-Jul-2015 13:31:10 UTC] {"status":true,"client_id":"4","client_name":"Edy Segura"}
[28-Jul-2015 13:32:16 UTC] orders function
[28-Jul-2015 13:32:16 UTC] 4
[28-Jul-2015 13:32:16 UTC] orders function- after foreach
[28-Jul-2015 13:32:16 UTC] [{"id":"5","data_order":"2015-07-27 18:31:47","data_mod":"2015-07-27 18:31:47","status":"registered"},{"id":"6","data_order":"2015-07-27 18:31:54","data_mod":"2015-07-27 18:31:54","status":"registered"},{"id":"7","data_order":"2015-07-28 13:31:53","data_mod":"2015-07-28 13:31:53","status":"registered"},{"id":"8","data_order":"2015-07-28 13:31:58","data_mod":"2015-07-28 13:31:58","status":"registered"},{"id":"9","data_order":"2015-07-28 13:32:11","data_mod":"2015-07-28 13:32:11","status":"registered"}]
[28-Jul-2015 13:38:03 UTC] orders function
[28-Jul-2015 13:38:03 UTC] 
[28-Jul-2015 13:38:03 UTC] orders function- after foreach
[28-Jul-2015 13:38:03 UTC] []
[29-Jul-2015 10:56:13 UTC] PHP Parse error:  syntax error, unexpected '=' in /home/ubuntu/workspace/api/index.php on line 208
[30-Jul-2015 20:55:18 UTC] orders function
[30-Jul-2015 20:55:18 UTC] 4
[30-Jul-2015 20:55:18 UTC] orders function- after foreach
[30-Jul-2015 20:55:18 UTC] [{"id":"5","data_order":"2015-07-27 18:31:47","data_mod":"2015-07-27 18:31:47","status":"registered"},{"id":"6","data_order":"2015-07-27 18:31:54","data_mod":"2015-07-27 18:31:54","status":"registered"},{"id":"7","data_order":"2015-07-28 13:31:53","data_mod":"2015-07-28 13:31:53","status":"registered"},{"id":"8","data_order":"2015-07-28 13:31:58","data_mod":"2015-07-28 13:31:58","status":"registered"},{"id":"9","data_order":"2015-07-28 13:32:11","data_mod":"2015-07-28 13:32:11","status":"registered"}]
[03-Aug-2015 02:52:21 UTC] orders function
[03-Aug-2015 02:52:21 UTC] 2
[03-Aug-2015 02:52:21 UTC] orders function- after foreach
[03-Aug-2015 02:52:21 UTC] [{"id":"3","data_order":"2015-07-20 00:30:30","data_mod":"2015-07-20 00:30:30","status":"Finished"},{"id":"4","data_order":"2015-07-20 00:31:19","data_mod":"2015-07-20 00:31:19","status":"Finished"}]
[04-Aug-2015 00:42:57 UTC] verify login function
[04-Aug-2015 00:42:57 UTC] no session
[04-Aug-2015 00:43:11 UTC] Login failed
[04-Aug-2015 01:08:37 UTC] verify login function
[04-Aug-2015 01:08:37 UTC] session validated
[04-Aug-2015 01:08:37 UTC] {"status":true,"client_id":"5","client_name":"marcelomarcatto"}
[04-Aug-2015 01:10:38 UTC] verify login function
[04-Aug-2015 01:10:38 UTC] session validated
[04-Aug-2015 01:10:38 UTC] {"status":true,"client_id":"5","client_name":"marcelomarcatto"}
[04-Aug-2015 01:10:44 UTC] verify login function
[04-Aug-2015 01:10:44 UTC] session validated
[04-Aug-2015 01:10:44 UTC] {"status":true,"client_id":"5","client_name":"marcelomarcatto"}
[04-Aug-2015 01:11:35 UTC] verify login function
[04-Aug-2015 01:11:35 UTC] session validated
[04-Aug-2015 01:11:35 UTC] {"status":true,"client_id":"5","client_name":"marcelomarcatto"}
[04-Aug-2015 01:11:46 UTC] verify login function
[04-Aug-2015 01:11:46 UTC] session validated
[04-Aug-2015 01:11:46 UTC] {"status":true,"client_id":"5","client_name":"marcelomarcatto"}
[04-Aug-2015 01:11:49 UTC] verify login function
[04-Aug-2015 01:11:49 UTC] session validated
[04-Aug-2015 01:11:49 UTC] {"status":true,"client_id":"5","client_name":"marcelomarcatto"}
[04-Aug-2015 01:12:11 UTC] verify login function
[04-Aug-2015 01:12:11 UTC] session validated
[04-Aug-2015 01:12:11 UTC] {"status":true,"client_id":"5","client_name":"marcelomarcatto"}
[04-Aug-2015 01:12:43 UTC] verify login function
[04-Aug-2015 01:12:43 UTC] session validated
[04-Aug-2015 01:12:43 UTC] {"status":true,"client_id":"5","client_name":"marcelomarcatto"}
[04-Aug-2015 01:15:06 UTC] verify login function
[04-Aug-2015 01:15:06 UTC] no session
[04-Aug-2015 01:15:24 UTC] verify login function
[04-Aug-2015 01:15:24 UTC] session validated
[04-Aug-2015 01:15:24 UTC] {"status":true,"client_id":"5","client_name":"marcelomarcatto"}
[04-Aug-2015 01:16:21 UTC] verify login function
[04-Aug-2015 01:16:21 UTC] session validated
[04-Aug-2015 01:16:21 UTC] {"status":true,"client_id":"5","client_name":"marcelomarcatto"}
